Loading LIBD module for spagcn/1.2.0
Observation names are not unique. To make them unique, call `.obs_names_make_unique`.
Trying to set attribute `.obs` of view, copying.
Observation names are not unique. To make them unique, call `.obs_names_make_unique`.
Trying to set attribute `.obs` of view, copying.
WARNING: It seems you use rank_genes_groups on the raw count data. Please logarithmize your data before calling rank_genes_groups.
Trying to set attribute `.obs` of view, copying.
WARNING: It seems you use rank_genes_groups on the raw count data. Please logarithmize your data before calling rank_genes_groups.
Trying to set attribute `.obs` of view, copying.
WARNING: It seems you use rank_genes_groups on the raw count data. Please logarithmize your data before calling rank_genes_groups.
WARNING: It seems you use rank_genes_groups on the raw count data. Please logarithmize your data before calling rank_genes_groups.
Trying to set attribute `.obs` of view, copying.
WARNING: It seems you use rank_genes_groups on the raw count data. Please logarithmize your data before calling rank_genes_groups.
Trying to set attribute `.obs` of view, copying.
WARNING: It seems you use rank_genes_groups on the raw count data. Please logarithmize your data before calling rank_genes_groups.
Trying to set attribute `.obs` of view, copying.
WARNING: It seems you use rank_genes_groups on the raw count data. Please logarithmize your data before calling rank_genes_groups.
WARNING: It seems you use rank_genes_groups on the raw count data. Please logarithmize your data before calling rank_genes_groups.
Trying to set attribute `.obs` of view, copying.
WARNING: It seems you use rank_genes_groups on the raw count data. Please logarithmize your data before calling rank_genes_groups.
Trying to set attribute `.obs` of view, copying.
WARNING: It seems you use rank_genes_groups on the raw count data. Please logarithmize your data before calling rank_genes_groups.
Trying to set attribute `.obs` of view, copying.
WARNING: It seems you use rank_genes_groups on the raw count data. Please logarithmize your data before calling rank_genes_groups.
WARNING: It seems you use rank_genes_groups on the raw count data. Please logarithmize your data before calling rank_genes_groups.
WARNING: It seems you use rank_genes_groups on the raw count data. Please logarithmize your data before calling rank_genes_groups.
Trying to set attribute `.obs` of view, copying.
WARNING: It seems you use rank_genes_groups on the raw count data. Please logarithmize your data before calling rank_genes_groups.
Trying to set attribute `.obs` of view, copying.
WARNING: It seems you use rank_genes_groups on the raw count data. Please logarithmize your data before calling rank_genes_groups.
Trying to set attribute `.obs` of view, copying.
WARNING: It seems you use rank_genes_groups on the raw count data. Please logarithmize your data before calling rank_genes_groups.
WARNING: It seems you use rank_genes_groups on the raw count data. Please logarithmize your data before calling rank_genes_groups.
Trying to set attribute `.obs` of view, copying.
WARNING: It seems you use rank_genes_groups on the raw count data. Please logarithmize your data before calling rank_genes_groups.
Trying to set attribute `.obs` of view, copying.
WARNING: It seems you use rank_genes_groups on the raw count data. Please logarithmize your data before calling rank_genes_groups.
Trying to set attribute `.obs` of view, copying.
WARNING: It seems you use rank_genes_groups on the raw count data. Please logarithmize your data before calling rank_genes_groups.
Continuing with sample 151676...
Calculateing adj matrix using histology image...
Var of c0,c1,c2 =  31.39809757231285 176.47731055873237 62.46628884888963
Var of x,y,z =  5151674.365358348 4425050.442164038 5151674.365358348
Run 1: l [0.01, 1000], p [0.0, 160.75921837208568]
Run 2: l [0.01, 500.005], p [0.0, 30.76723289489746]
Run 3: l [0.01, 250.0075], p [0.0, 4.812093734741211]
Run 4: l [0.01, 125.00874999999999], p [0.0, 0.6084407567977905]
Run 5: l [62.509375, 125.00874999999999], p [0.03453207015991211, 0.6084407567977905]
Run 6: l [93.7590625, 125.00874999999999], p [0.22493958473205566, 0.6084407567977905]
Run 7: l [109.38390625, 125.00874999999999], p [0.39019596576690674, 0.6084407567977905]
recommended l =  117.196328125
Start at res =  0.7 step =  0.1
Initializing cluster centers with louvain, resolution =  0.7
Epoch  0
Epoch  10
Epoch  20
Epoch  30
Epoch  40
Epoch  50
Epoch  60
Epoch  70
Epoch  80
Epoch  90
Epoch  100
Epoch  110
Epoch  120
Epoch  130
Epoch  140
Epoch  150
Epoch  160
Epoch  170
Epoch  180
Epoch  190
Res =  0.7 Num of clusters =  6
Initializing cluster centers with louvain, resolution =  0.7999999999999999
Epoch  0
Epoch  10
Epoch  20
Epoch  30
Epoch  40
Epoch  50
Epoch  60
Epoch  70
Epoch  80
Epoch  90
Epoch  100
Epoch  110
Epoch  120
Epoch  130
Epoch  140
Epoch  150
Epoch  160
Epoch  170
Epoch  180
Epoch  190
Res =  0.7999999999999999 Num of clusters =  6
Res changed to 0.7999999999999999
Initializing cluster centers with louvain, resolution =  0.8999999999999999
Epoch  0
Epoch  10
Epoch  20
Epoch  30
Epoch  40
Epoch  50
Epoch  60
Epoch  70
Epoch  80
Epoch  90
Epoch  100
Epoch  110
Epoch  120
Epoch  130
Epoch  140
Epoch  150
Epoch  160
Epoch  170
Epoch  180
Epoch  190
Res =  0.8999999999999999 Num of clusters =  6
Res changed to 0.8999999999999999
Initializing cluster centers with louvain, resolution =  0.9999999999999999
Epoch  0
Epoch  10
Epoch  20
Epoch  30
Epoch  40
Epoch  50
Epoch  60
Epoch  70
Epoch  80
Epoch  90
Epoch  100
Epoch  110
Epoch  120
Epoch  130
Epoch  140
Epoch  150
Epoch  160
Epoch  170
Epoch  180
Epoch  190
Res =  0.9999999999999999 Num of clusters =  8
Step changed to 0.05
Initializing cluster centers with louvain, resolution =  0.95
Epoch  0
Epoch  10
Epoch  20
Epoch  30
Epoch  40
Epoch  50
Epoch  60
Epoch  70
Epoch  80
Epoch  90
Epoch  100
Epoch  110
Epoch  120
Epoch  130
Epoch  140
Epoch  150
Epoch  160
Epoch  170
Epoch  180
Epoch  190
Res =  0.95 Num of clusters =  7
recommended res =  0.95
Initializing cluster centers with louvain, resolution =  0.95
Epoch  0
Epoch  10
Epoch  20
Epoch  30
Epoch  40
Epoch  50
Epoch  60
Epoch  70
Epoch  80
Epoch  90
Epoch  100
Epoch  110
Epoch  120
Epoch  130
Epoch  140
Epoch  150
Epoch  160
Epoch  170
Epoch  180
Epoch  190
Calculateing adj matrix using xy only...
Calculateing adj matrix using xy only...
Calculateing adj matrix using xy only...
Calculateing adj matrix using xy only...
Run 1: radius [1.4142135381698608, 16.124515533447266], num_nbr [1.0, 360.2367688022284]
Calculateing adj matrix using xy only...
Run 2: radius [1.4142135381698608, 8.769364535808563], num_nbr [1.0, 110.54874651810584]
Calculateing adj matrix using xy only...
Run 3: radius [1.4142135381698608, 5.091789036989212], num_nbr [1.0, 35.00278551532033]
Calculateing adj matrix using xy only...
Run 4: radius [1.4142135381698608, 3.2530012875795364], num_nbr [1.0, 20.10724233983287]
Calculateing adj matrix using xy only...
Run 5: radius [2.3336074128746986, 3.2530012875795364], num_nbr [8.743732590529248, 20.10724233983287]
Calculateing adj matrix using xy only...
Run 6: radius [2.7933043502271175, 3.2530012875795364], num_nbr [8.743732590529248, 20.10724233983287]
Calculateing adj matrix using xy only...
recommended radius =  3.023152818903327 num_nbr=12.534818941504179
radius= 3.023152818903327 average number of neighbors for each spot is 12.534818941504179
 Cluster 0 has neighbors:
Dmain  1 :  1640
Dmain  3 :  662
Dmain  6 :  645
Dmain  5 :  513
Dmain  4 :  437
Warning: lowering "min_in_group_fraction" to  0.7000000000000001 and "min_fold_change" to  1.25 for domain 0 to find at least 1 SVG.
Warning: lowering "min_in_group_fraction" to  0.6000000000000001 and "min_fold_change" to  1.125 for domain 0 to find at least 1 SVG.
Warning: lowering "min_in_group_fraction" to  0.5000000000000001 and "min_fold_change" to  1.0625 for domain 0 to find at least 1 SVG.
Warning: lowering "min_in_group_fraction" to  0.40000000000000013 and "min_fold_change" to  1.03125 for domain 0 to find at least 1 SVG.
Warning: lowering "min_in_group_fraction" to  0.30000000000000016 and "min_fold_change" to  1.015625 for domain 0 to find at least 1 SVG.
SVGs for domain  0 : ['ENSG00000019582', 'ENSG00000234745']
Add gene:  ENSG00000212907
Minus gene:  ENSG00000110484
Absolute mean change: 1.1199441
Number of non-target spots reduced to: 1452
===========================================================================
Meta gene is:  ENSG00000019582+ENSG00000212907-ENSG00000110484
===========================================================================
Add gene:  ENSG00000110484
Minus gene:  ENSG00000075624
Stopped! Previous Number of non-target spots 1452 541 1.1199441 0.3383639
Previous Number of non-target spots 1452 541 1.1199441 0.3383639
Previous Number of non-target spots 1452
Current Number of non-target spots 541
Absolute mean change 1.1199441
===========================================================================
Meta gene:  ENSG00000019582+ENSG00000212907-ENSG00000110484
===========================================================================
Calculateing adj matrix using xy only...
Calculateing adj matrix using xy only...
Calculateing adj matrix using xy only...
Run 1: radius [1.4142135381698608, 16.124515533447266], num_nbr [1.0, 405.0]
Calculateing adj matrix using xy only...
Run 2: radius [1.4142135381698608, 8.769364535808563], num_nbr [1.0, 119.69665809768638]
Calculateing adj matrix using xy only...
Run 3: radius [1.4142135381698608, 5.091789036989212], num_nbr [1.0, 36.84575835475579]
Calculateing adj matrix using xy only...
Run 4: radius [1.4142135381698608, 3.2530012875795364], num_nbr [1.0, 20.948586118251928]
Calculateing adj matrix using xy only...
Run 5: radius [2.3336074128746986, 3.2530012875795364], num_nbr [8.987146529562983, 20.948586118251928]
Calculateing adj matrix using xy only...
Run 6: radius [2.7933043502271175, 3.2530012875795364], num_nbr [8.987146529562983, 20.948586118251928]
Calculateing adj matrix using xy only...
recommended radius =  3.023152818903327 num_nbr=12.976863753213367
radius= 3.023152818903327 average number of neighbors for each spot is 12.976863753213367
 Cluster 1 has neighbors:
Dmain  0 :  1640
Dmain  3 :  421
Dmain  4 :  368
Warning: lowering "min_in_group_fraction" to  0.7000000000000001 and "min_fold_change" to  1.25 for domain 1 to find at least 1 SVG.
SVGs for domain  1 : ['ENSG00000132639', 'ENSG00000189043', 'ENSG00000163032', 'ENSG00000160014', 'ENSG00000087460', 'ENSG00000154146', 'ENSG00000196262', 'ENSG00000111640', 'ENSG00000139970', 'ENSG00000109971', 'ENSG00000169567', 'ENSG00000117632', 'ENSG00000154277', 'ENSG00000080824', 'ENSG00000067715', 'ENSG00000137267', 'ENSG00000176788', 'ENSG00000106976', 'ENSG00000128739', 'ENSG00000104435', 'ENSG00000163536', 'ENSG00000111674', 'ENSG00000144834', 'ENSG00000174521', 'ENSG00000183036']
Add gene:  ENSG00000183036
Minus gene:  ENSG00000110484
Absolute mean change: 2.1902595
Number of non-target spots reduced to: 573
===========================================================================
Meta gene is:  ENSG00000132639+ENSG00000183036-ENSG00000110484
===========================================================================
Add gene:  ENSG00000123416
Minus gene:  ENSG00000088832
Absolute mean change: 2.6996064
Number of non-target spots reduced to: 138
===========================================================================
Meta gene is:  ENSG00000132639+ENSG00000183036-ENSG00000110484+ENSG00000123416-ENSG00000088832
===========================================================================
Add gene:  ENSG00000088832
Minus gene:  ENSG00000177098
Absolute mean change: 2.7744274
Number of non-target spots reduced to: 116
===========================================================================
Meta gene is:  ENSG00000132639+ENSG00000183036-ENSG00000110484+ENSG00000123416-ENSG00000088832+ENSG00000088832-ENSG00000177098
===========================================================================
Calculateing adj matrix using xy only...
Calculateing adj matrix using xy only...
Calculateing adj matrix using xy only...
Run 1: radius [1.4142135381698608, 16.124515533447266], num_nbr [1.0, 337.8831168831169]
Calculateing adj matrix using xy only...
Run 2: radius [1.4142135381698608, 8.769364535808563], num_nbr [1.0, 107.54545454545455]
Calculateing adj matrix using xy only...
Run 3: radius [1.4142135381698608, 5.091789036989212], num_nbr [1.0, 34.59090909090909]
Calculateing adj matrix using xy only...
Run 4: radius [1.4142135381698608, 3.2530012875795364], num_nbr [1.0, 19.944805194805195]
Calculateing adj matrix using xy only...
Run 5: radius [2.3336074128746986, 3.2530012875795364], num_nbr [8.707792207792208, 19.944805194805195]
Calculateing adj matrix using xy only...
Run 6: radius [2.7933043502271175, 3.2530012875795364], num_nbr [8.707792207792208, 19.944805194805195]
Calculateing adj matrix using xy only...
recommended radius =  3.023152818903327 num_nbr=12.464285714285714
radius= 3.023152818903327 average number of neighbors for each spot is 12.464285714285714
 Cluster 2 has neighbors:
Dmain  5 :  359
Dmain  6 :  233
SVGs for domain  2 : ['ENSG00000197971', 'ENSG00000123560', 'ENSG00000131095', 'ENSG00000167996', 'ENSG00000205542', 'ENSG00000173786', 'ENSG00000197756', 'ENSG00000107317', 'ENSG00000087086', 'ENSG00000109846', 'ENSG00000167552', 'ENSG00000177954', 'ENSG00000187514', 'ENSG00000160307', 'ENSG00000091513', 'ENSG00000105290', 'ENSG00000046653', 'ENSG00000213741', 'ENSG00000099194', 'ENSG00000180354', 'ENSG00000168314', 'ENSG00000080822', 'ENSG00000112531', 'ENSG00000021300', 'ENSG00000118785', 'ENSG00000189058', 'ENSG00000129538', 'ENSG00000108387', 'ENSG00000159176', 'ENSG00000160781', 'ENSG00000175130', 'ENSG00000151552', 'ENSG00000167191', 'ENSG00000105695', 'ENSG00000149557']
Meta gene is:  ENSG00000197971
Calculateing adj matrix using xy only...
Calculateing adj matrix using xy only...
Calculateing adj matrix using xy only...
Run 1: radius [1.4142135381698608, 16.124515533447266], num_nbr [1.0, 319.87831858407077]
Calculateing adj matrix using xy only...
Run 2: radius [1.4142135381698608, 8.769364535808563], num_nbr [1.0, 102.77433628318585]
Calculateing adj matrix using xy only...
Run 3: radius [1.4142135381698608, 5.091789036989212], num_nbr [1.0, 33.38716814159292]
Calculateing adj matrix using xy only...
Run 4: radius [1.4142135381698608, 3.2530012875795364], num_nbr [1.0, 19.391592920353983]
Calculateing adj matrix using xy only...
Run 5: radius [2.3336074128746986, 3.2530012875795364], num_nbr [8.528761061946902, 19.391592920353983]
Calculateing adj matrix using xy only...
Run 6: radius [2.7933043502271175, 3.2530012875795364], num_nbr [8.528761061946902, 19.391592920353983]
Calculateing adj matrix using xy only...
recommended radius =  3.023152818903327 num_nbr=12.16150442477876
radius= 3.023152818903327 average number of neighbors for each spot is 12.16150442477876
 Cluster 3 has neighbors:
Dmain  4 :  1631
Dmain  0 :  662
Dmain  1 :  421
Dmain  6 :  292
Dmain  5 :  230
SVGs for domain  3 : ['ENSG00000110484', 'ENSG00000124935']
Add gene:  ENSG00000198840
Minus gene:  ENSG00000197971
Absolute mean change: 1.6902151
Number of non-target spots reduced to: 660
===========================================================================
Meta gene is:  ENSG00000110484+ENSG00000198840-ENSG00000197971
===========================================================================
Add gene:  ENSG00000106624
Minus gene:  ENSG00000163032
Stopped! Previous Number of non-target spots 660 434 1.6902151 1.4444304
Previous Number of non-target spots 660 434 1.6902151 1.4444304
Previous Number of non-target spots 660
Current Number of non-target spots 434
Absolute mean change 1.6902151
===========================================================================
Meta gene:  ENSG00000110484+ENSG00000198840-ENSG00000197971
===========================================================================
Calculateing adj matrix using xy only...
Calculateing adj matrix using xy only...
Calculateing adj matrix using xy only...
Run 1: radius [1.4142135381698608, 16.124515533447266], num_nbr [1.0, 329.0]
Calculateing adj matrix using xy only...
Run 2: radius [1.4142135381698608, 8.769364535808563], num_nbr [1.0, 108.69767441860465]
Calculateing adj matrix using xy only...
Run 3: radius [1.4142135381698608, 5.091789036989212], num_nbr [1.0, 35.45665961945032]
Calculateing adj matrix using xy only...
Run 4: radius [1.4142135381698608, 3.2530012875795364], num_nbr [1.0, 20.422832980972515]
Calculateing adj matrix using xy only...
Run 5: radius [2.3336074128746986, 3.2530012875795364], num_nbr [8.866807610993657, 20.422832980972515]
Calculateing adj matrix using xy only...
Run 6: radius [2.7933043502271175, 3.2530012875795364], num_nbr [8.866807610993657, 20.422832980972515]
Calculateing adj matrix using xy only...
recommended radius =  3.023152818903327 num_nbr=12.720930232558139
radius= 3.023152818903327 average number of neighbors for each spot is 12.720930232558139
 Cluster 4 has neighbors:
Dmain  3 :  1631
Dmain  0 :  437
Dmain  1 :  368
Warning: lowering "min_in_group_fraction" to  0.7000000000000001 and "min_fold_change" to  1.25 for domain 4 to find at least 1 SVG.
Warning: lowering "min_in_group_fraction" to  0.6000000000000001 and "min_fold_change" to  1.125 for domain 4 to find at least 1 SVG.
Warning: lowering "min_in_group_fraction" to  0.5000000000000001 and "min_fold_change" to  1.0625 for domain 4 to find at least 1 SVG.
Warning: lowering "min_in_group_fraction" to  0.40000000000000013 and "min_fold_change" to  1.03125 for domain 4 to find at least 1 SVG.
Warning: lowering "min_in_group_fraction" to  0.30000000000000016 and "min_fold_change" to  1.015625 for domain 4 to find at least 1 SVG.
No "fold_change" > 1.01 exists that finds any SVGs for domain 4!
Calculateing adj matrix using xy only...
Calculateing adj matrix using xy only...
Calculateing adj matrix using xy only...
Run 1: radius [1.4142135381698608, 16.124515533447266], num_nbr [1.0, 384.311004784689]
Calculateing adj matrix using xy only...
Run 2: radius [1.4142135381698608, 8.769364535808563], num_nbr [1.0, 115.51435406698565]
Calculateing adj matrix using xy only...
Run 3: radius [1.4142135381698608, 5.091789036989212], num_nbr [1.0, 36.19138755980861]
Calculateing adj matrix using xy only...
Run 4: radius [1.4142135381698608, 3.2530012875795364], num_nbr [1.0, 20.669856459330145]
Calculateing adj matrix using xy only...
Run 5: radius [2.3336074128746986, 3.2530012875795364], num_nbr [8.911483253588516, 20.669856459330145]
Calculateing adj matrix using xy only...
Run 6: radius [2.7933043502271175, 3.2530012875795364], num_nbr [8.911483253588516, 20.669856459330145]
Calculateing adj matrix using xy only...
recommended radius =  3.023152818903327 num_nbr=12.832535885167465
radius= 3.023152818903327 average number of neighbors for each spot is 12.832535885167465
 Cluster 5 has neighbors:
Dmain  6 :  633
Dmain  0 :  513
Dmain  2 :  359
Dmain  3 :  230
Dmain  1 :  196
SVGs for domain  5 : ['ENSG00000132639', 'ENSG00000154146', 'ENSG00000128656', 'ENSG00000163032', 'ENSG00000150625', 'ENSG00000067715', 'ENSG00000139970', 'ENSG00000104888', 'ENSG00000137267', 'ENSG00000154096']
Add gene:  ENSG00000197971
Minus gene:  ENSG00000198886
Absolute mean change: 0.6555047
Number of non-target spots reduced to: 1018
===========================================================================
Meta gene is:  ENSG00000132639+ENSG00000197971-ENSG00000198886
===========================================================================
Add gene:  ENSG00000127585
Minus gene:  ENSG00000197971
Absolute mean change: 0.7131543
Number of non-target spots reduced to: 846
===========================================================================
Meta gene is:  ENSG00000132639+ENSG00000197971-ENSG00000198886+ENSG00000127585-ENSG00000197971
===========================================================================
Add gene:  ENSG00000197971
Minus gene:  ENSG00000198840
Absolute mean change: 1.0423374
Number of non-target spots reduced to: 705
===========================================================================
Meta gene is:  ENSG00000132639+ENSG00000197971-ENSG00000198886+ENSG00000127585-ENSG00000197971+ENSG00000197971-ENSG00000198840
===========================================================================
Calculateing adj matrix using xy only...
Calculateing adj matrix using xy only...
Calculateing adj matrix using xy only...
Run 1: radius [1.4142135381698608, 16.124515533447266], num_nbr [1.0, 313.65736040609136]
Calculateing adj matrix using xy only...
Run 2: radius [1.4142135381698608, 8.769364535808563], num_nbr [1.0, 97.33756345177665]
Calculateing adj matrix using xy only...
Run 3: radius [1.4142135381698608, 5.091789036989212], num_nbr [1.0, 30.870558375634516]
Calculateing adj matrix using xy only...
Run 4: radius [1.4142135381698608, 3.2530012875795364], num_nbr [1.0, 17.992385786802032]
Calculateing adj matrix using xy only...
Run 5: radius [2.3336074128746986, 3.2530012875795364], num_nbr [8.060913705583756, 17.992385786802032]
Calculateing adj matrix using xy only...
Run 6: radius [2.7933043502271175, 3.2530012875795364], num_nbr [8.060913705583756, 17.992385786802032]
Calculateing adj matrix using xy only...
recommended radius =  3.023152818903327 num_nbr=11.360406091370558
radius= 3.023152818903327 average number of neighbors for each spot is 11.360406091370558
 Cluster 6 has neighbors:
Dmain  0 :  645
Dmain  5 :  633
Dmain  3 :  292
Warning: lowering "min_in_group_fraction" to  0.7000000000000001 and "min_fold_change" to  1.25 for domain 6 to find at least 1 SVG.
Warning: lowering "min_in_group_fraction" to  0.6000000000000001 and "min_fold_change" to  1.125 for domain 6 to find at least 1 SVG.
Warning: lowering "min_in_group_fraction" to  0.5000000000000001 and "min_fold_change" to  1.0625 for domain 6 to find at least 1 SVG.
Warning: lowering "min_in_group_fraction" to  0.40000000000000013 and "min_fold_change" to  1.03125 for domain 6 to find at least 1 SVG.
SVGs for domain  6 : ['ENSG00000171885']
Add gene:  ENSG00000107796
Minus gene:  ENSG00000205542
Absolute mean change: 0.9322375
Number of non-target spots reduced to: 1441
===========================================================================
Meta gene is:  ENSG00000171885+ENSG00000107796-ENSG00000205542
===========================================================================
Add gene:  ENSG00000163993
Minus gene:  ENSG00000171885
Absolute mean change: 0.98069656
Number of non-target spots reduced to: 229
===========================================================================
Meta gene is:  ENSG00000171885+ENSG00000107796-ENSG00000205542+ENSG00000163993-ENSG00000171885
===========================================================================
Add gene:  ENSG00000109062
Minus gene:  ENSG00000123416
Absolute mean change: 1.8872597
Number of non-target spots reduced to: 143
===========================================================================
Meta gene is:  ENSG00000171885+ENSG00000107796-ENSG00000205542+ENSG00000163993-ENSG00000171885+ENSG00000109062-ENSG00000123416
===========================================================================
