Observation names are not unique. To make them unique, call `.obs_names_make_unique`.
/users/neagles/.local/lib/python3.8/site-packages/pandas/core/arrays/categorical.py:2487: FutureWarning: The `inplace` parameter in pandas.Categorical.remove_unused_categories is deprecated and will be removed in a future version.
  res = method(*args, **kwargs)
WARNING:root:Printing scores every 100 epochs.
Trying to set attribute `.var` of view, copying.
Trying to set attribute `.var` of view, copying.
Observation names are not unique. To make them unique, call `.obs_names_make_unique`.
/users/neagles/.local/lib/python3.8/site-packages/pandas/core/arrays/categorical.py:2487: FutureWarning: The `inplace` parameter in pandas.Categorical.remove_unused_categories is deprecated and will be removed in a future version.
  res = method(*args, **kwargs)
/users/neagles/.local/lib/python3.8/site-packages/pandas/core/arrays/categorical.py:2487: FutureWarning: The `inplace` parameter in pandas.Categorical.remove_unused_categories is deprecated and will be removed in a future version.
  res = method(*args, **kwargs)
Trying to set attribute `.var` of view, copying.
Trying to set attribute `.var` of view, copying.
/users/neagles/.conda/envs/tangram/lib/python3.8/site-packages/tangram/utils.py:157: RuntimeWarning: invalid value encountered in float_scalars
  cos_sims.append((v1 @ v2) / norm_sq)
Score: 0.391, KL reg: nan, VG reg: nan
Score: 0.501, KL reg: nan, VG reg: nan
Score: 0.508, KL reg: nan, VG reg: nan
Score: 0.510, KL reg: nan, VG reg: nan
Score: 0.510, KL reg: nan, VG reg: nan
Score: 0.511, KL reg: nan, VG reg: nan
Score: 0.511, KL reg: nan, VG reg: nan
Score: 0.511, KL reg: nan, VG reg: nan
Score: 0.511, KL reg: nan, VG reg: nan
Score: 0.512, KL reg: nan, VG reg: nan
Average test score (all genes): 0.1912
Test scores for our select genes:
MBP       0.847760
SNAP25    0.811212
ENC1      0.626607
CCK       0.580222
PCP4      0.422358
RORB      0.382153
NR4A2     0.286842
CARTPT    0.058979
RELN      0.056011
Name: score, dtype: float64
Average: 0.4525
Average training score: 0.4729
