Loading LIBD module for tangram/1.0.2
Detected 1 cores usable of 48 total cores on the node.
Setting all environment variables to 1...
Time elapsed for 10 reps: 250.2s.
Setting all environment variables to 2...
Time elapsed for 10 reps: 249.2s.
Setting all environment variables to 4...
Time elapsed for 10 reps: 247.8s.
Setting all environment variables to 8...
Traceback (most recent call last):
  File "01-squidpy_segment.py", line 18, in <module>
    sq.im.segment(
  File "/jhpce/shared/jhpce/libd/tangram/1.0.2/tangram_env/lib/python3.8/site-packages/squidpy/im/_segment.py", line 345, in segment
    res: ImageContainer = method.segment(
  File "/jhpce/shared/jhpce/libd/tangram/1.0.2/tangram_env/lib/python3.8/functools.py", line 912, in _method
    return method.__get__(obj, cls)(*args, **kwargs)
  File "/jhpce/shared/jhpce/libd/tangram/1.0.2/tangram_env/lib/python3.8/site-packages/squidpy/im/_segment.py", line 171, in _
    res = img.apply(func, layer=layer, channel=channel, fn_kwargs=fn_kwargs, copy=True, **kwargs)
  File "/jhpce/shared/jhpce/libd/tangram/1.0.2/tangram_env/lib/python3.8/site-packages/squidpy/im/_container.py", line 1143, in apply
    res[key] = apply_func(fn, arr.sel(z=key))
  File "/jhpce/shared/jhpce/libd/tangram/1.0.2/tangram_env/lib/python3.8/site-packages/squidpy/im/_container.py", line 1117, in apply_func
    return func(arr.data, **fn_kwargs)
  File "/jhpce/shared/jhpce/libd/tangram/1.0.2/tangram_env/lib/python3.8/functools.py", line 912, in _method
    return method.__get__(obj, cls)(*args, **kwargs)
  File "/jhpce/shared/jhpce/libd/tangram/1.0.2/tangram_env/lib/python3.8/site-packages/squidpy/im/_segment.py", line 110, in _
    img = self._segment(img, **kwargs)
  File "/jhpce/shared/jhpce/libd/tangram/1.0.2/tangram_env/lib/python3.8/site-packages/squidpy/im/_segment.py", line 234, in _segment
    distance = ndi.distance_transform_edt(mask)
  File "/jhpce/shared/jhpce/libd/tangram/1.0.2/tangram_env/lib/python3.8/site-packages/scipy/ndimage/morphology.py", line 2207, in distance_transform_edt
    dt = dt.astype(numpy.float64)
numpy.core._exceptions.MemoryError: Unable to allocate 807. MiB for an array with shape (2, 7272, 7272) and data type float64
Setting all environment variables to 16...
ERROR; return code from pthread_create() is 11
	Error detail: Resource temporarily unavailable
