Observation names are not unique. To make them unique, call `.obs_names_make_unique`.
/users/neagles/.local/lib/python3.8/site-packages/pandas/core/arrays/categorical.py:2487: FutureWarning: The `inplace` parameter in pandas.Categorical.remove_unused_categories is deprecated and will be removed in a future version.
  res = method(*args, **kwargs)
WARNING:root:Printing scores every 100 epochs.
Trying to set attribute `.var` of view, copying.
Trying to set attribute `.var` of view, copying.
Observation names are not unique. To make them unique, call `.obs_names_make_unique`.
/users/neagles/.local/lib/python3.8/site-packages/pandas/core/arrays/categorical.py:2487: FutureWarning: The `inplace` parameter in pandas.Categorical.remove_unused_categories is deprecated and will be removed in a future version.
  res = method(*args, **kwargs)
/users/neagles/.local/lib/python3.8/site-packages/pandas/core/arrays/categorical.py:2487: FutureWarning: The `inplace` parameter in pandas.Categorical.remove_unused_categories is deprecated and will be removed in a future version.
  res = method(*args, **kwargs)
Trying to set attribute `.var` of view, copying.
Trying to set attribute `.var` of view, copying.
/users/neagles/.conda/envs/tangram/lib/python3.8/site-packages/tangram/utils.py:157: RuntimeWarning: invalid value encountered in float_scalars
  cos_sims.append((v1 @ v2) / norm_sq)
Score: 0.264, KL reg: nan, VG reg: nan
Score: 0.400, KL reg: nan, VG reg: nan
Score: 0.406, KL reg: nan, VG reg: nan
Score: 0.408, KL reg: nan, VG reg: nan
Score: 0.408, KL reg: nan, VG reg: nan
Score: 0.409, KL reg: nan, VG reg: nan
Score: 0.409, KL reg: nan, VG reg: nan
Score: 0.409, KL reg: nan, VG reg: nan
Score: 0.409, KL reg: nan, VG reg: nan
Score: 0.410, KL reg: nan, VG reg: nan
Average test score (all genes): 0.1451
Test scores for our select genes:
SNAP25    0.764597
MBP       0.756431
ENC1      0.580990
CCK       0.498251
PCP4      0.280109
RORB      0.211100
NR4A2     0.148611
RELN      0.085491
CARTPT    0.069927
Name: score, dtype: float64
Average: 0.3773
Average training score: 0.3693
