Observation names are not unique. To make them unique, call `.obs_names_make_unique`.
/users/neagles/.local/lib/python3.8/site-packages/pandas/core/arrays/categorical.py:2487: FutureWarning: The `inplace` parameter in pandas.Categorical.remove_unused_categories is deprecated and will be removed in a future version.
  res = method(*args, **kwargs)
WARNING:root:Printing scores every 100 epochs.
Trying to set attribute `.var` of view, copying.
Trying to set attribute `.var` of view, copying.
Observation names are not unique. To make them unique, call `.obs_names_make_unique`.
/users/neagles/.local/lib/python3.8/site-packages/pandas/core/arrays/categorical.py:2487: FutureWarning: The `inplace` parameter in pandas.Categorical.remove_unused_categories is deprecated and will be removed in a future version.
  res = method(*args, **kwargs)
/users/neagles/.local/lib/python3.8/site-packages/pandas/core/arrays/categorical.py:2487: FutureWarning: The `inplace` parameter in pandas.Categorical.remove_unused_categories is deprecated and will be removed in a future version.
  res = method(*args, **kwargs)
Trying to set attribute `.var` of view, copying.
Trying to set attribute `.var` of view, copying.
/users/neagles/.conda/envs/tangram/lib/python3.8/site-packages/tangram/utils.py:157: RuntimeWarning: invalid value encountered in float_scalars
  cos_sims.append((v1 @ v2) / norm_sq)
Score: 0.299, KL reg: nan, VG reg: nan
Score: 0.407, KL reg: nan, VG reg: nan
Score: 0.414, KL reg: nan, VG reg: nan
Score: 0.416, KL reg: nan, VG reg: nan
Score: 0.417, KL reg: nan, VG reg: nan
Score: 0.417, KL reg: nan, VG reg: nan
Score: 0.417, KL reg: nan, VG reg: nan
Score: 0.417, KL reg: nan, VG reg: nan
Score: 0.418, KL reg: nan, VG reg: nan
Score: 0.418, KL reg: nan, VG reg: nan
Average test score (all genes): 0.1457
Test scores for our select genes:
SNAP25    0.770567
MBP       0.660729
ENC1      0.572507
CCK       0.507538
PCP4      0.342807
RORB      0.260876
NR4A2     0.112602
RELN      0.030568
CARTPT    0.017651
Name: score, dtype: float64
Average: 0.364
Average training score: 0.3769
