Loading LIBD module for spagcn/1.2.0
Observation names are not unique. To make them unique, call `.obs_names_make_unique`.
Trying to set attribute `.obs` of view, copying.
Observation names are not unique. To make them unique, call `.obs_names_make_unique`.
Trying to set attribute `.obs` of view, copying.
WARNING: It seems you use rank_genes_groups on the raw count data. Please logarithmize your data before calling rank_genes_groups.
Trying to set attribute `.obs` of view, copying.
WARNING: It seems you use rank_genes_groups on the raw count data. Please logarithmize your data before calling rank_genes_groups.
Trying to set attribute `.obs` of view, copying.
WARNING: It seems you use rank_genes_groups on the raw count data. Please logarithmize your data before calling rank_genes_groups.
WARNING: It seems you use rank_genes_groups on the raw count data. Please logarithmize your data before calling rank_genes_groups.
Trying to set attribute `.obs` of view, copying.
WARNING: It seems you use rank_genes_groups on the raw count data. Please logarithmize your data before calling rank_genes_groups.
Trying to set attribute `.obs` of view, copying.
WARNING: It seems you use rank_genes_groups on the raw count data. Please logarithmize your data before calling rank_genes_groups.
Trying to set attribute `.obs` of view, copying.
WARNING: It seems you use rank_genes_groups on the raw count data. Please logarithmize your data before calling rank_genes_groups.
WARNING: It seems you use rank_genes_groups on the raw count data. Please logarithmize your data before calling rank_genes_groups.
Trying to set attribute `.obs` of view, copying.
WARNING: It seems you use rank_genes_groups on the raw count data. Please logarithmize your data before calling rank_genes_groups.
Trying to set attribute `.obs` of view, copying.
WARNING: It seems you use rank_genes_groups on the raw count data. Please logarithmize your data before calling rank_genes_groups.
Trying to set attribute `.obs` of view, copying.
WARNING: It seems you use rank_genes_groups on the raw count data. Please logarithmize your data before calling rank_genes_groups.
WARNING: It seems you use rank_genes_groups on the raw count data. Please logarithmize your data before calling rank_genes_groups.
WARNING: It seems you use rank_genes_groups on the raw count data. Please logarithmize your data before calling rank_genes_groups.
WARNING: It seems you use rank_genes_groups on the raw count data. Please logarithmize your data before calling rank_genes_groups.
WARNING: It seems you use rank_genes_groups on the raw count data. Please logarithmize your data before calling rank_genes_groups.
Trying to set attribute `.obs` of view, copying.
WARNING: It seems you use rank_genes_groups on the raw count data. Please logarithmize your data before calling rank_genes_groups.
Trying to set attribute `.obs` of view, copying.
WARNING: It seems you use rank_genes_groups on the raw count data. Please logarithmize your data before calling rank_genes_groups.
Trying to set attribute `.obs` of view, copying.
WARNING: It seems you use rank_genes_groups on the raw count data. Please logarithmize your data before calling rank_genes_groups.
Continuing with sample Br3942_ant...
Calculateing adj matrix using histology image...
Var of c0,c1,c2 =  438.87207777290445 702.1289334844605 231.424254208322
Var of x,y,z =  26839222.942688227 21884520.289036263 26839222.94268823
Run 1: l [0.01, 1000], p [0.0, 22.01401687994008]
Run 2: l [0.01, 500.005], p [0.0, 3.223860263824463]
Run 3: l [250.0075, 500.005], p [0.37884771823883057, 3.223860263824463]
Run 4: l [250.0075, 375.00625], p [0.37884771823883057, 1.3752896785736084]
Run 5: l [250.0075, 312.50687500000004], p [0.37884771823883057, 0.7827879190444946]
Run 6: l [250.0075, 281.2571875], p [0.37884771823883057, 0.5589343309402466]
Run 7: l [265.63234375, 281.2571875], p [0.4636427164077759, 0.5589343309402466]
recommended l =  273.444765625
Start at res =  0.7 step =  0.1
Initializing cluster centers with louvain, resolution =  0.7
Epoch  0
Epoch  10
Epoch  20
Epoch  30
Epoch  40
Epoch  50
Epoch  60
Epoch  70
Epoch  80
Epoch  90
Epoch  100
Epoch  110
Epoch  120
Epoch  130
Epoch  140
Epoch  150
Epoch  160
Epoch  170
Epoch  180
Epoch  190
Res =  0.7 Num of clusters =  7
recommended res =  0.7
Initializing cluster centers with louvain, resolution =  0.7
Epoch  0
Epoch  10
Epoch  20
Epoch  30
Epoch  40
Epoch  50
Epoch  60
Epoch  70
Epoch  80
Epoch  90
Epoch  100
Epoch  110
Epoch  120
Epoch  130
Epoch  140
Epoch  150
Epoch  160
Epoch  170
Epoch  180
Epoch  190
Initializing cluster centers with louvain, resolution =  0.7
Epoch  0
Epoch  10
Epoch  20
Epoch  30
Epoch  40
Epoch  50
Epoch  60
Epoch  70
Epoch  80
Epoch  90
Epoch  100
Epoch  110
Epoch  120
Epoch  130
Epoch  140
Epoch  150
Epoch  160
Epoch  170
Epoch  180
Epoch  190
Initializing cluster centers with louvain, resolution =  0.7
Epoch  0
Epoch  10
Epoch  20
Epoch  30
Epoch  40
Epoch  50
Epoch  60
Epoch  70
Epoch  80
Epoch  90
Epoch  100
Epoch  110
Epoch  120
Epoch  130
Epoch  140
Epoch  150
Epoch  160
Epoch  170
Epoch  180
Epoch  190
Initializing cluster centers with louvain, resolution =  0.7
Epoch  0
Epoch  10
Epoch  20
Epoch  30
Epoch  40
Epoch  50
Epoch  60
Epoch  70
Epoch  80
Epoch  90
Epoch  100
Epoch  110
Epoch  120
Epoch  130
Epoch  140
Epoch  150
Epoch  160
Epoch  170
Epoch  180
Epoch  190
Initializing cluster centers with louvain, resolution =  0.7
Epoch  0
Epoch  10
Epoch  20
Epoch  30
Epoch  40
Epoch  50
Epoch  60
Epoch  70
Epoch  80
Epoch  90
Epoch  100
Epoch  110
Epoch  120
Epoch  130
Epoch  140
Epoch  150
Epoch  160
Epoch  170
Epoch  180
Epoch  190
Initializing cluster centers with louvain, resolution =  0.7
Epoch  0
Epoch  10
Epoch  20
Epoch  30
Epoch  40
Epoch  50
Epoch  60
Epoch  70
Epoch  80
Epoch  90
Epoch  100
Epoch  110
Epoch  120
Epoch  130
Epoch  140
Epoch  150
Epoch  160
Epoch  170
Epoch  180
Epoch  190
Initializing cluster centers with louvain, resolution =  0.7
Epoch  0
Epoch  10
Epoch  20
Epoch  30
Epoch  40
Epoch  50
Epoch  60
Epoch  70
Epoch  80
Epoch  90
Epoch  100
Epoch  110
Epoch  120
Epoch  130
Epoch  140
Epoch  150
Epoch  160
Epoch  170
Epoch  180
Epoch  190
Initializing cluster centers with louvain, resolution =  0.7
Epoch  0
Epoch  10
Epoch  20
Epoch  30
Epoch  40
Epoch  50
Epoch  60
Epoch  70
Epoch  80
Epoch  90
Epoch  100
Epoch  110
Epoch  120
Epoch  130
Epoch  140
Epoch  150
Epoch  160
Epoch  170
Epoch  180
Epoch  190
Initializing cluster centers with louvain, resolution =  0.7
Epoch  0
Epoch  10
Epoch  20
Epoch  30
Epoch  40
Epoch  50
Epoch  60
Epoch  70
Epoch  80
Epoch  90
Epoch  100
Epoch  110
Epoch  120
Epoch  130
Epoch  140
Epoch  150
Epoch  160
Epoch  170
Epoch  180
Epoch  190
Initializing cluster centers with louvain, resolution =  0.7
Epoch  0
Epoch  10
Epoch  20
Epoch  30
Epoch  40
Epoch  50
Epoch  60
Epoch  70
Epoch  80
Epoch  90
Epoch  100
Epoch  110
Epoch  120
Epoch  130
Epoch  140
Epoch  150
Epoch  160
Epoch  170
Epoch  180
Epoch  190
Initializing cluster centers with louvain, resolution =  0.7
Epoch  0
Epoch  10
Epoch  20
Epoch  30
Epoch  40
Epoch  50
Epoch  60
Epoch  70
Epoch  80
Epoch  90
Epoch  100
Epoch  110
Epoch  120
Epoch  130
Epoch  140
Epoch  150
Epoch  160
Epoch  170
Epoch  180
Epoch  190
Initializing cluster centers with louvain, resolution =  0.7
Epoch  0
Epoch  10
Epoch  20
Epoch  30
Epoch  40
Epoch  50
Epoch  60
Epoch  70
Epoch  80
Epoch  90
Epoch  100
Epoch  110
Epoch  120
Epoch  130
Epoch  140
Epoch  150
Epoch  160
Epoch  170
Epoch  180
Epoch  190
Initializing cluster centers with louvain, resolution =  0.7
Epoch  0
Epoch  10
Epoch  20
Epoch  30
Epoch  40
Epoch  50
Epoch  60
Epoch  70
Epoch  80
Epoch  90
Epoch  100
Epoch  110
Epoch  120
Epoch  130
Epoch  140
Epoch  150
Epoch  160
Epoch  170
Epoch  180
Epoch  190
Initializing cluster centers with louvain, resolution =  0.7
Epoch  0
Epoch  10
Epoch  20
Epoch  30
Epoch  40
Epoch  50
Epoch  60
Epoch  70
Epoch  80
Epoch  90
Epoch  100
Epoch  110
Epoch  120
Epoch  130
Epoch  140
Epoch  150
Epoch  160
Epoch  170
Epoch  180
Epoch  190
Initializing cluster centers with louvain, resolution =  0.7
Epoch  0
Epoch  10
Epoch  20
Epoch  30
Epoch  40
Epoch  50
Epoch  60
Epoch  70
Epoch  80
Epoch  90
Epoch  100
Epoch  110
Epoch  120
Epoch  130
Epoch  140
Epoch  150
Epoch  160
Epoch  170
Epoch  180
Epoch  190
Initializing cluster centers with louvain, resolution =  0.7
Epoch  0
Epoch  10
Epoch  20
Epoch  30
Epoch  40
Epoch  50
Epoch  60
Epoch  70
Epoch  80
Epoch  90
Epoch  100
Epoch  110
Epoch  120
Epoch  130
Epoch  140
Epoch  150
Epoch  160
Epoch  170
Epoch  180
Epoch  190
Initializing cluster centers with louvain, resolution =  0.7
Epoch  0
Epoch  10
Epoch  20
Epoch  30
Epoch  40
Epoch  50
Epoch  60
Epoch  70
Epoch  80
Epoch  90
Epoch  100
Epoch  110
Epoch  120
Epoch  130
Epoch  140
Epoch  150
Epoch  160
Epoch  170
Epoch  180
Epoch  190
Initializing cluster centers with louvain, resolution =  0.7
Epoch  0
Epoch  10
Epoch  20
Epoch  30
Epoch  40
Epoch  50
Epoch  60
Epoch  70
Epoch  80
Epoch  90
Epoch  100
Epoch  110
Epoch  120
Epoch  130
Epoch  140
Epoch  150
Epoch  160
Epoch  170
Epoch  180
Epoch  190
Initializing cluster centers with louvain, resolution =  0.7
Epoch  0
Epoch  10
Epoch  20
Epoch  30
Epoch  40
Epoch  50
Epoch  60
Epoch  70
Epoch  80
Epoch  90
Epoch  100
Epoch  110
Epoch  120
Epoch  130
Epoch  140
Epoch  150
Epoch  160
Epoch  170
Epoch  180
Epoch  190
Initializing cluster centers with louvain, resolution =  0.7
Epoch  0
Epoch  10
Epoch  20
Epoch  30
Epoch  40
Epoch  50
Epoch  60
Epoch  70
Epoch  80
Epoch  90
Epoch  100
Epoch  110
Epoch  120
Epoch  130
Epoch  140
Epoch  150
Epoch  160
Epoch  170
Epoch  180
Epoch  190
Initializing cluster centers with louvain, resolution =  0.7
Epoch  0
Epoch  10
Epoch  20
Epoch  30
Epoch  40
Epoch  50
Epoch  60
Epoch  70
Epoch  80
Epoch  90
Epoch  100
Epoch  110
Epoch  120
Epoch  130
Epoch  140
Epoch  150
Epoch  160
Epoch  170
Epoch  180
Epoch  190
Initializing cluster centers with louvain, resolution =  0.7
Epoch  0
Epoch  10
Epoch  20
Epoch  30
Epoch  40
Epoch  50
Epoch  60
Epoch  70
Epoch  80
Epoch  90
Epoch  100
Epoch  110
Epoch  120
Epoch  130
Epoch  140
Epoch  150
Epoch  160
Epoch  170
Epoch  180
Epoch  190
Initializing cluster centers with louvain, resolution =  0.7
Epoch  0
Epoch  10
Epoch  20
Epoch  30
Epoch  40
Epoch  50
Epoch  60
Epoch  70
Epoch  80
Epoch  90
Epoch  100
Epoch  110
Epoch  120
Epoch  130
Epoch  140
Epoch  150
Epoch  160
Epoch  170
Epoch  180
Epoch  190
Initializing cluster centers with louvain, resolution =  0.7
Epoch  0
Epoch  10
Epoch  20
Epoch  30
Epoch  40
Epoch  50
Epoch  60
Epoch  70
Epoch  80
Epoch  90
Epoch  100
Epoch  110
Epoch  120
Epoch  130
Epoch  140
Epoch  150
Epoch  160
Epoch  170
Epoch  180
Epoch  190
Initializing cluster centers with louvain, resolution =  0.7
Epoch  0
Epoch  10
Epoch  20
Epoch  30
Epoch  40
Epoch  50
Epoch  60
Epoch  70
Epoch  80
Epoch  90
Epoch  100
Epoch  110
Epoch  120
Epoch  130
Epoch  140
Epoch  150
Epoch  160
Epoch  170
Epoch  180
Epoch  190
Initializing cluster centers with louvain, resolution =  0.7
Epoch  0
Epoch  10
Epoch  20
Epoch  30
Epoch  40
Epoch  50
Epoch  60
Epoch  70
Epoch  80
Epoch  90
Epoch  100
Epoch  110
Epoch  120
Epoch  130
Epoch  140
Epoch  150
Epoch  160
Epoch  170
Epoch  180
Epoch  190
Initializing cluster centers with louvain, resolution =  0.7
Epoch  0
Epoch  10
Epoch  20
Epoch  30
Epoch  40
Epoch  50
Epoch  60
Epoch  70
Epoch  80
Epoch  90
Epoch  100
Epoch  110
Epoch  120
Epoch  130
Epoch  140
Epoch  150
Epoch  160
Epoch  170
Epoch  180
Epoch  190
Initializing cluster centers with louvain, resolution =  0.7
Epoch  0
Epoch  10
Epoch  20
Epoch  30
Epoch  40
Epoch  50
Epoch  60
Epoch  70
Epoch  80
Epoch  90
Epoch  100
Epoch  110
Epoch  120
Epoch  130
Epoch  140
Epoch  150
Epoch  160
Epoch  170
Epoch  180
Epoch  190
Initializing cluster centers with louvain, resolution =  0.7
Epoch  0
Epoch  10
Epoch  20
Epoch  30
Epoch  40
Epoch  50
Epoch  60
Epoch  70
Epoch  80
Epoch  90
Epoch  100
Epoch  110
Epoch  120
Epoch  130
Epoch  140
Epoch  150
Epoch  160
Epoch  170
Epoch  180
Epoch  190
Initializing cluster centers with louvain, resolution =  0.7
Epoch  0
Epoch  10
Epoch  20
Epoch  30
Epoch  40
Epoch  50
Epoch  60
Epoch  70
Epoch  80
Epoch  90
Epoch  100
Epoch  110
Epoch  120
Epoch  130
Epoch  140
Epoch  150
Epoch  160
Epoch  170
Epoch  180
Epoch  190
Initializing cluster centers with louvain, resolution =  0.7
Epoch  0
Epoch  10
Epoch  20
Epoch  30
Epoch  40
Epoch  50
Epoch  60
Epoch  70
Epoch  80
Epoch  90
Epoch  100
Epoch  110
Epoch  120
Epoch  130
Epoch  140
Epoch  150
Epoch  160
Epoch  170
Epoch  180
Epoch  190
Initializing cluster centers with louvain, resolution =  0.7
Epoch  0
Epoch  10
Epoch  20
Epoch  30
Epoch  40
Epoch  50
Epoch  60
Epoch  70
Epoch  80
Epoch  90
Epoch  100
Epoch  110
Epoch  120
Epoch  130
Epoch  140
Epoch  150
Epoch  160
Epoch  170
Epoch  180
Epoch  190
Initializing cluster centers with louvain, resolution =  0.7
Epoch  0
Epoch  10
Epoch  20
Epoch  30
Epoch  40
Epoch  50
Epoch  60
Epoch  70
Epoch  80
Epoch  90
Epoch  100
Epoch  110
Epoch  120
Epoch  130
Epoch  140
Epoch  150
Epoch  160
Epoch  170
Epoch  180
Epoch  190
Initializing cluster centers with louvain, resolution =  0.7
Epoch  0
Epoch  10
Epoch  20
Epoch  30
Epoch  40
Epoch  50
Epoch  60
Epoch  70
Epoch  80
Epoch  90
Epoch  100
Epoch  110
Epoch  120
Epoch  130
Epoch  140
Epoch  150
Epoch  160
Epoch  170
Epoch  180
Epoch  190
Initializing cluster centers with louvain, resolution =  0.7
Epoch  0
Epoch  10
Epoch  20
Epoch  30
Epoch  40
Epoch  50
Epoch  60
Epoch  70
Epoch  80
Epoch  90
Epoch  100
Epoch  110
Epoch  120
Epoch  130
Epoch  140
Epoch  150
Epoch  160
Epoch  170
Epoch  180
Epoch  190
Initializing cluster centers with louvain, resolution =  0.7
Epoch  0
Epoch  10
Epoch  20
Epoch  30
Epoch  40
Epoch  50
Epoch  60
Epoch  70
Epoch  80
Epoch  90
Epoch  100
Epoch  110
Epoch  120
Epoch  130
Epoch  140
Epoch  150
Epoch  160
Epoch  170
Epoch  180
Epoch  190
Initializing cluster centers with louvain, resolution =  0.7
Epoch  0
Epoch  10
Epoch  20
Epoch  30
Epoch  40
Epoch  50
Epoch  60
Epoch  70
Epoch  80
Epoch  90
Epoch  100
Epoch  110
Epoch  120
Epoch  130
Epoch  140
Epoch  150
Epoch  160
Epoch  170
Epoch  180
Epoch  190
Initializing cluster centers with louvain, resolution =  0.7
Epoch  0
Epoch  10
Epoch  20
Epoch  30
Epoch  40
Epoch  50
Epoch  60
Epoch  70
Epoch  80
Epoch  90
Epoch  100
Epoch  110
Epoch  120
Epoch  130
Epoch  140
Epoch  150
Epoch  160
Epoch  170
Epoch  180
Epoch  190
Initializing cluster centers with louvain, resolution =  0.7
Epoch  0
Epoch  10
Epoch  20
Epoch  30
Epoch  40
Epoch  50
Epoch  60
Epoch  70
Epoch  80
Epoch  90
Epoch  100
Epoch  110
Epoch  120
Epoch  130
Epoch  140
Epoch  150
Epoch  160
Epoch  170
Epoch  180
Epoch  190
Initializing cluster centers with louvain, resolution =  0.7
Epoch  0
Epoch  10
Epoch  20
Epoch  30
Epoch  40
Epoch  50
Epoch  60
Epoch  70
Epoch  80
Epoch  90
Epoch  100
Epoch  110
Epoch  120
Epoch  130
Epoch  140
Epoch  150
Epoch  160
Epoch  170
Epoch  180
Epoch  190
Initializing cluster centers with louvain, resolution =  0.7
Epoch  0
Epoch  10
Epoch  20
Epoch  30
Epoch  40
Epoch  50
Epoch  60
Epoch  70
Epoch  80
Epoch  90
Epoch  100
Epoch  110
Epoch  120
Epoch  130
Epoch  140
Epoch  150
Epoch  160
Epoch  170
Epoch  180
Epoch  190
Initializing cluster centers with louvain, resolution =  0.7
Epoch  0
Epoch  10
Epoch  20
Epoch  30
Epoch  40
Epoch  50
Epoch  60
Epoch  70
Epoch  80
Epoch  90
Epoch  100
Epoch  110
Epoch  120
Epoch  130
Epoch  140
Epoch  150
Epoch  160
Epoch  170
Epoch  180
Epoch  190
Initializing cluster centers with louvain, resolution =  0.7
Epoch  0
Epoch  10
Epoch  20
Epoch  30
Epoch  40
Epoch  50
Epoch  60
Epoch  70
Epoch  80
Epoch  90
Epoch  100
Epoch  110
Epoch  120
Epoch  130
Epoch  140
Epoch  150
Epoch  160
Epoch  170
Epoch  180
Epoch  190
Initializing cluster centers with louvain, resolution =  0.7
Epoch  0
Epoch  10
Epoch  20
Epoch  30
Epoch  40
Epoch  50
Epoch  60
Epoch  70
Epoch  80
Epoch  90
Epoch  100
Epoch  110
Epoch  120
Epoch  130
Epoch  140
Epoch  150
Epoch  160
Epoch  170
Epoch  180
Epoch  190
Initializing cluster centers with louvain, resolution =  0.7
Epoch  0
Epoch  10
Epoch  20
Epoch  30
Epoch  40
Epoch  50
Epoch  60
Epoch  70
Epoch  80
Epoch  90
Epoch  100
Epoch  110
Epoch  120
Epoch  130
Epoch  140
Epoch  150
Epoch  160
Epoch  170
Epoch  180
Epoch  190
Initializing cluster centers with louvain, resolution =  0.7
Epoch  0
Epoch  10
Epoch  20
Epoch  30
Epoch  40
Epoch  50
Epoch  60
Epoch  70
Epoch  80
Epoch  90
Epoch  100
Epoch  110
Epoch  120
Epoch  130
Epoch  140
Epoch  150
Epoch  160
Epoch  170
Epoch  180
Epoch  190
Initializing cluster centers with louvain, resolution =  0.7
Epoch  0
Epoch  10
Epoch  20
Epoch  30
Epoch  40
Epoch  50
Epoch  60
Epoch  70
Epoch  80
Epoch  90
Epoch  100
Epoch  110
Epoch  120
Epoch  130
Epoch  140
Epoch  150
Epoch  160
Epoch  170
Epoch  180
Epoch  190
Initializing cluster centers with louvain, resolution =  0.7
Epoch  0
Epoch  10
Epoch  20
Epoch  30
Epoch  40
Epoch  50
Epoch  60
Epoch  70
Epoch  80
Epoch  90
Epoch  100
Epoch  110
Epoch  120
Epoch  130
Epoch  140
Epoch  150
Epoch  160
Epoch  170
Epoch  180
Epoch  190
Initializing cluster centers with louvain, resolution =  0.7
Epoch  0
Epoch  10
Epoch  20
Epoch  30
Epoch  40
Epoch  50
Epoch  60
Epoch  70
Epoch  80
Epoch  90
Epoch  100
Epoch  110
Epoch  120
Epoch  130
Epoch  140
Epoch  150
Epoch  160
Epoch  170
Epoch  180
Epoch  190
Initializing cluster centers with louvain, resolution =  0.7
Epoch  0
Epoch  10
Epoch  20
Epoch  30
Epoch  40
Epoch  50
Epoch  60
Epoch  70
Epoch  80
Epoch  90
Epoch  100
Epoch  110
Epoch  120
Epoch  130
Epoch  140
Epoch  150
Epoch  160
Epoch  170
Epoch  180
Epoch  190
Initializing cluster centers with louvain, resolution =  0.7
Epoch  0
Epoch  10
Epoch  20
Epoch  30
Epoch  40
Epoch  50
Epoch  60
Epoch  70
Epoch  80
Epoch  90
Epoch  100
Epoch  110
Epoch  120
Epoch  130
Epoch  140
Epoch  150
Epoch  160
Epoch  170
Epoch  180
Epoch  190
Initializing cluster centers with louvain, resolution =  0.7
Epoch  0
Epoch  10
Epoch  20
Epoch  30
Epoch  40
Epoch  50
Epoch  60
Epoch  70
Epoch  80
Epoch  90
Epoch  100
Epoch  110
Epoch  120
Epoch  130
Epoch  140
Epoch  150
Epoch  160
Epoch  170
Epoch  180
Epoch  190
Initializing cluster centers with louvain, resolution =  0.7
Epoch  0
Epoch  10
Epoch  20
Epoch  30
Epoch  40
Epoch  50
Epoch  60
Epoch  70
Epoch  80
Epoch  90
Epoch  100
Epoch  110
Epoch  120
Epoch  130
Epoch  140
Epoch  150
Epoch  160
Epoch  170
Epoch  180
Epoch  190
Initializing cluster centers with louvain, resolution =  0.7
Epoch  0
Epoch  10
Epoch  20
Epoch  30
Epoch  40
Epoch  50
Epoch  60
Epoch  70
Epoch  80
Epoch  90
Epoch  100
Epoch  110
Epoch  120
Epoch  130
Epoch  140
Epoch  150
Epoch  160
Epoch  170
Epoch  180
Epoch  190
Initializing cluster centers with louvain, resolution =  0.7
Epoch  0
Epoch  10
Epoch  20
Epoch  30
Epoch  40
Epoch  50
Epoch  60
Epoch  70
Epoch  80
Epoch  90
Epoch  100
Epoch  110
Epoch  120
Epoch  130
Epoch  140
Epoch  150
Epoch  160
Epoch  170
Epoch  180
Epoch  190
Initializing cluster centers with louvain, resolution =  0.7
Epoch  0
Epoch  10
Epoch  20
Epoch  30
Epoch  40
Epoch  50
Epoch  60
Epoch  70
Epoch  80
Epoch  90
Epoch  100
Epoch  110
Epoch  120
Epoch  130
Epoch  140
Epoch  150
Epoch  160
Epoch  170
Epoch  180
Epoch  190
Initializing cluster centers with louvain, resolution =  0.7
Epoch  0
Epoch  10
Epoch  20
Epoch  30
Epoch  40
Epoch  50
Epoch  60
Epoch  70
Epoch  80
Epoch  90
Epoch  100
Epoch  110
Epoch  120
Epoch  130
Epoch  140
Epoch  150
Epoch  160
Epoch  170
Epoch  180
Epoch  190
Initializing cluster centers with louvain, resolution =  0.7
Epoch  0
Epoch  10
Epoch  20
Epoch  30
Epoch  40
Epoch  50
Epoch  60
Epoch  70
Epoch  80
Epoch  90
Epoch  100
Epoch  110
Epoch  120
Epoch  130
Epoch  140
Epoch  150
Epoch  160
Epoch  170
Epoch  180
Epoch  190
Initializing cluster centers with louvain, resolution =  0.7
Epoch  0
Epoch  10
Epoch  20
Epoch  30
Epoch  40
Epoch  50
Epoch  60
Epoch  70
Epoch  80
Epoch  90
Epoch  100
Epoch  110
Epoch  120
Epoch  130
Epoch  140
Epoch  150
Epoch  160
Epoch  170
Epoch  180
Epoch  190
Initializing cluster centers with louvain, resolution =  0.7
Epoch  0
Epoch  10
Epoch  20
Epoch  30
Epoch  40
Epoch  50
Epoch  60
Epoch  70
Epoch  80
Epoch  90
Epoch  100
Epoch  110
Epoch  120
Epoch  130
Epoch  140
Epoch  150
Epoch  160
Epoch  170
Epoch  180
Epoch  190
Initializing cluster centers with louvain, resolution =  0.7
Epoch  0
Epoch  10
Epoch  20
Epoch  30
Epoch  40
Epoch  50
Epoch  60
Epoch  70
Epoch  80
Epoch  90
Epoch  100
Epoch  110
Epoch  120
Epoch  130
Epoch  140
Epoch  150
Epoch  160
Epoch  170
Epoch  180
Epoch  190
Initializing cluster centers with louvain, resolution =  0.7
Epoch  0
Epoch  10
Epoch  20
Epoch  30
Epoch  40
Epoch  50
Epoch  60
Epoch  70
Epoch  80
Epoch  90
Epoch  100
Epoch  110
Epoch  120
Epoch  130
Epoch  140
Epoch  150
Epoch  160
Epoch  170
Epoch  180
Epoch  190
Initializing cluster centers with louvain, resolution =  0.7
Epoch  0
Epoch  10
Epoch  20
Epoch  30
Epoch  40
Epoch  50
Epoch  60
Epoch  70
Epoch  80
Epoch  90
Epoch  100
Epoch  110
Epoch  120
Epoch  130
Epoch  140
Epoch  150
Epoch  160
Epoch  170
Epoch  180
Epoch  190
Initializing cluster centers with louvain, resolution =  0.7
Epoch  0
Epoch  10
Epoch  20
Epoch  30
Epoch  40
Epoch  50
Epoch  60
Epoch  70
Epoch  80
Epoch  90
Epoch  100
Epoch  110
Epoch  120
Epoch  130
Epoch  140
Epoch  150
Epoch  160
Epoch  170
Epoch  180
Epoch  190
Initializing cluster centers with louvain, resolution =  0.7
Epoch  0
Epoch  10
Epoch  20
Epoch  30
Epoch  40
Epoch  50
Epoch  60
Epoch  70
Epoch  80
Epoch  90
Epoch  100
Epoch  110
Epoch  120
Epoch  130
Epoch  140
Epoch  150
Epoch  160
Epoch  170
Epoch  180
Epoch  190
Initializing cluster centers with louvain, resolution =  0.7
Epoch  0
Epoch  10
Epoch  20
Epoch  30
Epoch  40
Epoch  50
Epoch  60
Epoch  70
Epoch  80
Epoch  90
Epoch  100
Epoch  110
Epoch  120
Epoch  130
Epoch  140
Epoch  150
Epoch  160
Epoch  170
Epoch  180
Epoch  190
Initializing cluster centers with louvain, resolution =  0.7
Epoch  0
Epoch  10
Epoch  20
Epoch  30
Epoch  40
Epoch  50
Epoch  60
Epoch  70
Epoch  80
Epoch  90
Epoch  100
Epoch  110
Epoch  120
Epoch  130
Epoch  140
Epoch  150
Epoch  160
Epoch  170
Epoch  180
Epoch  190
Initializing cluster centers with louvain, resolution =  0.7
Epoch  0
Epoch  10
Epoch  20
Epoch  30
Epoch  40
Epoch  50
Epoch  60
Epoch  70
Epoch  80
Epoch  90
Epoch  100
Epoch  110
Epoch  120
Epoch  130
Epoch  140
Epoch  150
Epoch  160
Epoch  170
Epoch  180
Epoch  190
Initializing cluster centers with louvain, resolution =  0.7
Epoch  0
Epoch  10
Epoch  20
Epoch  30
Epoch  40
Epoch  50
Epoch  60
Epoch  70
Epoch  80
Epoch  90
Epoch  100
Epoch  110
Epoch  120
Epoch  130
Epoch  140
Epoch  150
Epoch  160
Epoch  170
Epoch  180
Epoch  190
Initializing cluster centers with louvain, resolution =  0.7
Epoch  0
Epoch  10
Epoch  20
Epoch  30
Epoch  40
Epoch  50
Epoch  60
Epoch  70
Epoch  80
Epoch  90
Epoch  100
Epoch  110
Epoch  120
Epoch  130
Epoch  140
Epoch  150
Epoch  160
Epoch  170
Epoch  180
Epoch  190
Initializing cluster centers with louvain, resolution =  0.7
Epoch  0
Epoch  10
Epoch  20
Epoch  30
Epoch  40
Epoch  50
Epoch  60
Epoch  70
Epoch  80
Epoch  90
Epoch  100
Epoch  110
Epoch  120
Epoch  130
Epoch  140
Epoch  150
Epoch  160
Epoch  170
Epoch  180
Epoch  190
Initializing cluster centers with louvain, resolution =  0.7
Epoch  0
Epoch  10
Epoch  20
Epoch  30
Epoch  40
Epoch  50
Epoch  60
Epoch  70
Epoch  80
Epoch  90
Epoch  100
Epoch  110
Epoch  120
Epoch  130
Epoch  140
Epoch  150
Epoch  160
Epoch  170
Epoch  180
Epoch  190
Initializing cluster centers with louvain, resolution =  0.7
Epoch  0
Epoch  10
Epoch  20
Epoch  30
Epoch  40
Epoch  50
Epoch  60
Epoch  70
Epoch  80
Epoch  90
Epoch  100
Epoch  110
Epoch  120
Epoch  130
Epoch  140
Epoch  150
Epoch  160
Epoch  170
Epoch  180
Epoch  190
Initializing cluster centers with louvain, resolution =  0.7
Epoch  0
Epoch  10
Epoch  20
Epoch  30
Epoch  40
Epoch  50
Epoch  60
Epoch  70
Epoch  80
Epoch  90
Epoch  100
Epoch  110
Epoch  120
Epoch  130
Epoch  140
Epoch  150
Epoch  160
Epoch  170
Epoch  180
Epoch  190
Initializing cluster centers with louvain, resolution =  0.7
Epoch  0
Epoch  10
Epoch  20
Epoch  30
Epoch  40
Epoch  50
Epoch  60
Epoch  70
Epoch  80
Epoch  90
Epoch  100
Epoch  110
Epoch  120
Epoch  130
Epoch  140
Epoch  150
Epoch  160
Epoch  170
Epoch  180
Epoch  190
Initializing cluster centers with louvain, resolution =  0.7
Epoch  0
Epoch  10
Epoch  20
Epoch  30
Epoch  40
Epoch  50
Epoch  60
Epoch  70
Epoch  80
Epoch  90
Epoch  100
Epoch  110
Epoch  120
Epoch  130
Epoch  140
Epoch  150
Epoch  160
Epoch  170
Epoch  180
Epoch  190
Initializing cluster centers with louvain, resolution =  0.7
Epoch  0
Epoch  10
Epoch  20
Epoch  30
Epoch  40
Epoch  50
Epoch  60
Epoch  70
Epoch  80
Epoch  90
Epoch  100
Epoch  110
Epoch  120
Epoch  130
Epoch  140
Epoch  150
Epoch  160
Epoch  170
Epoch  180
Epoch  190
Initializing cluster centers with louvain, resolution =  0.7
Epoch  0
Epoch  10
Epoch  20
Epoch  30
Epoch  40
Epoch  50
Epoch  60
Epoch  70
Epoch  80
Epoch  90
Epoch  100
Epoch  110
Epoch  120
Epoch  130
Epoch  140
Epoch  150
Epoch  160
Epoch  170
Epoch  180
Epoch  190
Initializing cluster centers with louvain, resolution =  0.7
Epoch  0
Epoch  10
Epoch  20
Epoch  30
Epoch  40
Epoch  50
Epoch  60
Epoch  70
Epoch  80
Epoch  90
Epoch  100
Epoch  110
Epoch  120
Epoch  130
Epoch  140
Epoch  150
Epoch  160
Epoch  170
Epoch  180
Epoch  190
Initializing cluster centers with louvain, resolution =  0.7
Epoch  0
Epoch  10
Epoch  20
Epoch  30
Epoch  40
Epoch  50
Epoch  60
Epoch  70
Epoch  80
Epoch  90
Epoch  100
Epoch  110
Epoch  120
Epoch  130
Epoch  140
Epoch  150
Epoch  160
Epoch  170
Epoch  180
Epoch  190
Initializing cluster centers with louvain, resolution =  0.7
Epoch  0
Epoch  10
Epoch  20
Epoch  30
Epoch  40
Epoch  50
Epoch  60
Epoch  70
Epoch  80
Epoch  90
Epoch  100
Epoch  110
Epoch  120
Epoch  130
Epoch  140
Epoch  150
Epoch  160
Epoch  170
Epoch  180
Epoch  190
Initializing cluster centers with louvain, resolution =  0.7
Epoch  0
Epoch  10
Epoch  20
Epoch  30
Epoch  40
Epoch  50
Epoch  60
Epoch  70
Epoch  80
Epoch  90
Epoch  100
Epoch  110
Epoch  120
Epoch  130
Epoch  140
Epoch  150
Epoch  160
Epoch  170
Epoch  180
Epoch  190
Initializing cluster centers with louvain, resolution =  0.7
Epoch  0
Epoch  10
Epoch  20
Epoch  30
Epoch  40
Epoch  50
Epoch  60
Epoch  70
Epoch  80
Epoch  90
Epoch  100
Epoch  110
Epoch  120
Epoch  130
Epoch  140
Epoch  150
Epoch  160
Epoch  170
Epoch  180
Epoch  190
Initializing cluster centers with louvain, resolution =  0.7
Epoch  0
Epoch  10
Epoch  20
Epoch  30
Epoch  40
Epoch  50
Epoch  60
Epoch  70
Epoch  80
Epoch  90
Epoch  100
Epoch  110
Epoch  120
Epoch  130
Epoch  140
Epoch  150
Epoch  160
Epoch  170
Epoch  180
Epoch  190
Initializing cluster centers with louvain, resolution =  0.7
Epoch  0
Epoch  10
Epoch  20
Epoch  30
Epoch  40
Epoch  50
Epoch  60
Epoch  70
Epoch  80
Epoch  90
Epoch  100
Epoch  110
Epoch  120
Epoch  130
Epoch  140
Epoch  150
Epoch  160
Epoch  170
Epoch  180
Epoch  190
Initializing cluster centers with louvain, resolution =  0.7
Epoch  0
Epoch  10
Epoch  20
Epoch  30
Epoch  40
Epoch  50
Epoch  60
Epoch  70
Epoch  80
Epoch  90
Epoch  100
Epoch  110
Epoch  120
Epoch  130
Epoch  140
Epoch  150
Epoch  160
Epoch  170
Epoch  180
Epoch  190
Initializing cluster centers with louvain, resolution =  0.7
Epoch  0
Epoch  10
Epoch  20
Epoch  30
Epoch  40
Epoch  50
Epoch  60
Epoch  70
Epoch  80
Epoch  90
Epoch  100
Epoch  110
Epoch  120
Epoch  130
Epoch  140
Epoch  150
Epoch  160
Epoch  170
Epoch  180
Epoch  190
Initializing cluster centers with louvain, resolution =  0.7
Epoch  0
Epoch  10
Epoch  20
Epoch  30
Epoch  40
Epoch  50
Epoch  60
Epoch  70
Epoch  80
Epoch  90
Epoch  100
Epoch  110
Epoch  120
Epoch  130
Epoch  140
Epoch  150
Epoch  160
Epoch  170
Epoch  180
Epoch  190
Initializing cluster centers with louvain, resolution =  0.7
Epoch  0
Epoch  10
Epoch  20
Epoch  30
Epoch  40
Epoch  50
Epoch  60
Epoch  70
Epoch  80
Epoch  90
Epoch  100
Epoch  110
Epoch  120
Epoch  130
Epoch  140
Epoch  150
Epoch  160
Epoch  170
Epoch  180
Epoch  190
Initializing cluster centers with louvain, resolution =  0.7
Epoch  0
Epoch  10
Epoch  20
Epoch  30
Epoch  40
Epoch  50
Epoch  60
Epoch  70
Epoch  80
Epoch  90
Epoch  100
Epoch  110
Epoch  120
Epoch  130
Epoch  140
Epoch  150
Epoch  160
Epoch  170
Epoch  180
Epoch  190
Initializing cluster centers with louvain, resolution =  0.7
Epoch  0
Epoch  10
Epoch  20
Epoch  30
Epoch  40
Epoch  50
Epoch  60
Epoch  70
Epoch  80
Epoch  90
Epoch  100
Epoch  110
Epoch  120
Epoch  130
Epoch  140
Epoch  150
Epoch  160
Epoch  170
Epoch  180
Epoch  190
Initializing cluster centers with louvain, resolution =  0.7
Epoch  0
Epoch  10
Epoch  20
Epoch  30
Epoch  40
Epoch  50
Epoch  60
Epoch  70
Epoch  80
Epoch  90
Epoch  100
Epoch  110
Epoch  120
Epoch  130
Epoch  140
Epoch  150
Epoch  160
Epoch  170
Epoch  180
Epoch  190
Initializing cluster centers with louvain, resolution =  0.7
Epoch  0
Epoch  10
Epoch  20
Epoch  30
Epoch  40
Epoch  50
Epoch  60
Epoch  70
Epoch  80
Epoch  90
Epoch  100
Epoch  110
Epoch  120
Epoch  130
Epoch  140
Epoch  150
Epoch  160
Epoch  170
Epoch  180
Epoch  190
Initializing cluster centers with louvain, resolution =  0.7
Epoch  0
Epoch  10
Epoch  20
Epoch  30
Epoch  40
Epoch  50
Epoch  60
Epoch  70
Epoch  80
Epoch  90
Epoch  100
Epoch  110
Epoch  120
Epoch  130
Epoch  140
Epoch  150
Epoch  160
Epoch  170
Epoch  180
Epoch  190
Initializing cluster centers with louvain, resolution =  0.7
Epoch  0
Epoch  10
Epoch  20
Epoch  30
Epoch  40
Epoch  50
Epoch  60
Epoch  70
Epoch  80
Epoch  90
Epoch  100
Epoch  110
Epoch  120
Epoch  130
Epoch  140
Epoch  150
Epoch  160
Epoch  170
Epoch  180
Epoch  190
Initializing cluster centers with louvain, resolution =  0.7
Epoch  0
Epoch  10
Epoch  20
Epoch  30
Epoch  40
Epoch  50
Epoch  60
Epoch  70
Epoch  80
Epoch  90
Epoch  100
Epoch  110
Epoch  120
Epoch  130
Epoch  140
Epoch  150
Epoch  160
Epoch  170
Epoch  180
Epoch  190
Initializing cluster centers with louvain, resolution =  0.7
Epoch  0
Epoch  10
Epoch  20
Epoch  30
Epoch  40
Epoch  50
Epoch  60
Epoch  70
Epoch  80
Epoch  90
Epoch  100
Epoch  110
Epoch  120
Epoch  130
Epoch  140
Epoch  150
Epoch  160
Epoch  170
Epoch  180
Epoch  190
Initializing cluster centers with louvain, resolution =  0.7
Epoch  0
Epoch  10
Epoch  20
Epoch  30
Epoch  40
Epoch  50
Epoch  60
Epoch  70
Epoch  80
Epoch  90
Epoch  100
Epoch  110
Epoch  120
Epoch  130
Epoch  140
Epoch  150
Epoch  160
Epoch  170
Epoch  180
Epoch  190
Initializing cluster centers with louvain, resolution =  0.7
Epoch  0
Epoch  10
Epoch  20
Epoch  30
Epoch  40
Epoch  50
Epoch  60
Epoch  70
Epoch  80
Epoch  90
Epoch  100
Epoch  110
Epoch  120
Epoch  130
Epoch  140
Epoch  150
Epoch  160
Epoch  170
Epoch  180
Epoch  190
Initializing cluster centers with louvain, resolution =  0.7
Epoch  0
Epoch  10
Epoch  20
Epoch  30
Epoch  40
Epoch  50
Epoch  60
Epoch  70
Epoch  80
Epoch  90
Epoch  100
Epoch  110
Epoch  120
Epoch  130
Epoch  140
Epoch  150
Epoch  160
Epoch  170
Epoch  180
Epoch  190
Initializing cluster centers with louvain, resolution =  0.7
Epoch  0
Epoch  10
Epoch  20
Epoch  30
Epoch  40
Epoch  50
Epoch  60
Epoch  70
Epoch  80
Epoch  90
Epoch  100
Epoch  110
Epoch  120
Epoch  130
Epoch  140
Epoch  150
Epoch  160
Epoch  170
Epoch  180
Epoch  190
Initializing cluster centers with louvain, resolution =  0.7
Epoch  0
Epoch  10
Epoch  20
Epoch  30
Epoch  40
Epoch  50
Epoch  60
Epoch  70
Epoch  80
Epoch  90
Epoch  100
Epoch  110
Epoch  120
Epoch  130
Epoch  140
Epoch  150
Epoch  160
Epoch  170
Epoch  180
Epoch  190
Initializing cluster centers with louvain, resolution =  0.7
Epoch  0
Epoch  10
Epoch  20
Epoch  30
Epoch  40
Epoch  50
Epoch  60
Epoch  70
Epoch  80
Epoch  90
Epoch  100
Epoch  110
Epoch  120
Epoch  130
Epoch  140
Epoch  150
Epoch  160
Epoch  170
Epoch  180
Epoch  190
Initializing cluster centers with louvain, resolution =  0.7
Epoch  0
Epoch  10
Epoch  20
Epoch  30
Epoch  40
Epoch  50
Epoch  60
Epoch  70
Epoch  80
Epoch  90
Epoch  100
Epoch  110
Epoch  120
Epoch  130
Epoch  140
Epoch  150
Epoch  160
Epoch  170
Epoch  180
Epoch  190
Initializing cluster centers with louvain, resolution =  0.7
Epoch  0
Epoch  10
Epoch  20
Epoch  30
Epoch  40
Epoch  50
Epoch  60
Epoch  70
Epoch  80
Epoch  90
Epoch  100
Epoch  110
Epoch  120
Epoch  130
Epoch  140
Epoch  150
Epoch  160
Epoch  170
Epoch  180
Epoch  190
Initializing cluster centers with louvain, resolution =  0.7
Epoch  0
Epoch  10
Epoch  20
Epoch  30
Epoch  40
Epoch  50
Epoch  60
Epoch  70
Epoch  80
Epoch  90
Epoch  100
Epoch  110
Epoch  120
Epoch  130
Epoch  140
Epoch  150
Epoch  160
Epoch  170
Epoch  180
Epoch  190
Initializing cluster centers with louvain, resolution =  0.7
Epoch  0
Epoch  10
Epoch  20
Epoch  30
Epoch  40
Epoch  50
Epoch  60
Epoch  70
Epoch  80
Epoch  90
Epoch  100
Epoch  110
Epoch  120
Epoch  130
Epoch  140
Epoch  150
Epoch  160
Epoch  170
Epoch  180
Epoch  190
Initializing cluster centers with louvain, resolution =  0.7
Epoch  0
Epoch  10
Epoch  20
Epoch  30
Epoch  40
Epoch  50
Epoch  60
Epoch  70
Epoch  80
Epoch  90
Epoch  100
Epoch  110
Epoch  120
Epoch  130
Epoch  140
Epoch  150
Epoch  160
Epoch  170
Epoch  180
Epoch  190
Initializing cluster centers with louvain, resolution =  0.7
Epoch  0
Epoch  10
Epoch  20
Epoch  30
Epoch  40
Epoch  50
Epoch  60
Epoch  70
Epoch  80
Epoch  90
Epoch  100
Epoch  110
Epoch  120
Epoch  130
Epoch  140
Epoch  150
Epoch  160
Epoch  170
Epoch  180
Epoch  190
Calculateing adj matrix using xy only...
Calculateing adj matrix using xy only...
Calculateing adj matrix using xy only...
Calculateing adj matrix using xy only...
Run 1: radius [2.0, 17.72004508972168], num_nbr [8.768218623481781, 413.4423076923077]
Calculateing adj matrix using xy only...
Run 2: radius [2.0, 9.86002254486084], num_nbr [8.768218623481781, 131.78542510121457]
Calculateing adj matrix using xy only...
Run 3: radius [2.0, 5.93001127243042], num_nbr [8.768218623481781, 53.5253036437247]
Calculateing adj matrix using xy only...
Run 4: radius [2.0, 3.96500563621521], num_nbr [8.768218623481781, 20.191295546558706]
Calculateing adj matrix using xy only...
recommended radius =  2.982502818107605 num_nbr=12.573886639676113
radius= 2.982502818107605 average number of neighbors for each spot is 12.573886639676113
 Cluster 0 has neighbors:
Dmain  3 :  2738
Dmain  5 :  980
Dmain  4 :  934
Dmain  2 :  297
Dmain  6 :  295
Dmain  1 :  65
Warning: lowering "min_in_group_fraction" to  0.7000000000000001 and "min_fold_change" to  1.25 for domain 0 to find at least 1 SVG.
Warning: lowering "min_in_group_fraction" to  0.6000000000000001 and "min_fold_change" to  1.125 for domain 0 to find at least 1 SVG.
Warning: lowering "min_in_group_fraction" to  0.5000000000000001 and "min_fold_change" to  1.0625 for domain 0 to find at least 1 SVG.
SVGs for domain  0 : ['ENSG00000115756']
Add gene:  ENSG00000282885
Minus gene:  ENSG00000132639
Absolute mean change: 0.56355715
Number of non-target spots reduced to: 1210
===========================================================================
Meta gene is:  ENSG00000115756+ENSG00000282885-ENSG00000132639
===========================================================================
Add gene:  ENSG00000154146
Minus gene:  ENSG00000282885
Stopped! Previous Number of non-target spots 1210 800 0.56355715 0.31242633
Previous Number of non-target spots 1210 800 0.56355715 0.31242633
Previous Number of non-target spots 1210
Current Number of non-target spots 800
Absolute mean change 0.56355715
===========================================================================
Meta gene:  ENSG00000115756+ENSG00000282885-ENSG00000132639
===========================================================================
Calculateing adj matrix using xy only...
Calculateing adj matrix using xy only...
Calculateing adj matrix using xy only...
Run 1: radius [2.0, 17.72004508972168], num_nbr [8.988095238095237, 433.4642857142857]
Calculateing adj matrix using xy only...
Run 2: radius [2.0, 9.86002254486084], num_nbr [8.988095238095237, 137.98809523809524]
Calculateing adj matrix using xy only...
Run 3: radius [2.0, 5.93001127243042], num_nbr [8.988095238095237, 55.63095238095238]
Calculateing adj matrix using xy only...
Run 4: radius [2.0, 3.96500563621521], num_nbr [8.988095238095237, 20.86904761904762]
Calculateing adj matrix using xy only...
recommended radius =  2.982502818107605 num_nbr=12.964285714285714
radius= 2.982502818107605 average number of neighbors for each spot is 12.964285714285714
 Cluster 1 has neighbors:
Dmain  6 :  381
Warning: lowering "min_in_group_fraction" to  0.7000000000000001 and "min_fold_change" to  1.25 for domain 1 to find at least 1 SVG.
Warning: lowering "min_in_group_fraction" to  0.6000000000000001 and "min_fold_change" to  1.125 for domain 1 to find at least 1 SVG.
Warning: lowering "min_in_group_fraction" to  0.5000000000000001 and "min_fold_change" to  1.0625 for domain 1 to find at least 1 SVG.
SVGs for domain  1 : ['ENSG00000203930']
Add gene:  ENSG00000123560
Minus gene:  ENSG00000162545
Absolute mean change: 0.7332554
Number of non-target spots reduced to: 2138
===========================================================================
Meta gene is:  ENSG00000203930+ENSG00000123560-ENSG00000162545
===========================================================================
Add gene:  ENSG00000104267
Minus gene:  ENSG00000154146
Absolute mean change: 1.1088519
Number of non-target spots reduced to: 762
===========================================================================
Meta gene is:  ENSG00000203930+ENSG00000123560-ENSG00000162545+ENSG00000104267-ENSG00000154146
===========================================================================
Add gene:  ENSG00000067715
Minus gene:  ENSG00000203930
Stopped! Previous Number of non-target spots 762 674 1.1088519 1.0423379
Previous Number of non-target spots 762 674 1.1088519 1.0423379
Previous Number of non-target spots 762
Current Number of non-target spots 674
Absolute mean change 1.1088519
===========================================================================
Meta gene:  ENSG00000203930+ENSG00000123560-ENSG00000162545+ENSG00000104267-ENSG00000154146
===========================================================================
Calculateing adj matrix using xy only...
Calculateing adj matrix using xy only...
Calculateing adj matrix using xy only...
Run 1: radius [2.0, 17.72004508972168], num_nbr [8.848797250859107, 391.69415807560136]
Calculateing adj matrix using xy only...
Run 2: radius [2.0, 9.86002254486084], num_nbr [8.848797250859107, 130.4553264604811]
Calculateing adj matrix using xy only...
Run 3: radius [2.0, 5.93001127243042], num_nbr [8.848797250859107, 53.670103092783506]
Calculateing adj matrix using xy only...
Run 4: radius [2.0, 3.96500563621521], num_nbr [8.848797250859107, 20.33848797250859]
Calculateing adj matrix using xy only...
recommended radius =  2.982502818107605 num_nbr=12.68213058419244
radius= 2.982502818107605 average number of neighbors for each spot is 12.68213058419244
 Cluster 2 has neighbors:
Dmain  6 :  610
Dmain  3 :  473
Dmain  1 :  285
SVGs for domain  2 : ['ENSG00000187094', 'ENSG00000131095', 'ENSG00000166501', 'ENSG00000171246', 'ENSG00000165023']
Add gene:  ENSG00000171246
Minus gene:  ENSG00000154146
Absolute mean change: 1.0243335
Number of non-target spots reduced to: 501
===========================================================================
Meta gene is:  ENSG00000187094+ENSG00000171246-ENSG00000154146
===========================================================================
Add gene:  ENSG00000197971
Minus gene:  ENSG00000173267
Absolute mean change: 1.7823501
Number of non-target spots reduced to: 300
===========================================================================
Meta gene is:  ENSG00000187094+ENSG00000171246-ENSG00000154146+ENSG00000197971-ENSG00000173267
===========================================================================
Add gene:  ENSG00000169032
Minus gene:  ENSG00000170091
Absolute mean change: 2.3093462
Number of non-target spots reduced to: 159
===========================================================================
Meta gene is:  ENSG00000187094+ENSG00000171246-ENSG00000154146+ENSG00000197971-ENSG00000173267+ENSG00000169032-ENSG00000170091
===========================================================================
Warning: dropping one or more meta genes for this domain when forming CSV, since we are only taking the first 5.
Calculateing adj matrix using xy only...
Calculateing adj matrix using xy only...
Calculateing adj matrix using xy only...
Run 1: radius [2.0, 17.72004508972168], num_nbr [8.869565217391305, 414.4902173913043]
Calculateing adj matrix using xy only...
Run 2: radius [2.0, 9.86002254486084], num_nbr [8.869565217391305, 133.23478260869564]
Calculateing adj matrix using xy only...
Run 3: radius [2.0, 5.93001127243042], num_nbr [8.869565217391305, 54.15652173913043]
Calculateing adj matrix using xy only...
Run 4: radius [2.0, 3.96500563621521], num_nbr [8.869565217391305, 20.431521739130435]
Calculateing adj matrix using xy only...
recommended radius =  2.982502818107605 num_nbr=12.728260869565217
radius= 2.982502818107605 average number of neighbors for each spot is 12.728260869565217
 Cluster 3 has neighbors:
Dmain  0 :  2738
Dmain  5 :  1847
Dmain  6 :  1396
Dmain  2 :  473
Dmain  1 :  176
Warning: lowering "min_in_group_fraction" to  0.7000000000000001 and "min_fold_change" to  1.25 for domain 3 to find at least 1 SVG.
Warning: lowering "min_in_group_fraction" to  0.6000000000000001 and "min_fold_change" to  1.125 for domain 3 to find at least 1 SVG.
Warning: lowering "min_in_group_fraction" to  0.5000000000000001 and "min_fold_change" to  1.0625 for domain 3 to find at least 1 SVG.
Warning: lowering "min_in_group_fraction" to  0.40000000000000013 and "min_fold_change" to  1.03125 for domain 3 to find at least 1 SVG.
Warning: lowering "min_in_group_fraction" to  0.30000000000000016 and "min_fold_change" to  1.015625 for domain 3 to find at least 1 SVG.
No "fold_change" > 1.01 exists that finds any SVGs for domain 3!
Calculateing adj matrix using xy only...
Calculateing adj matrix using xy only...
Calculateing adj matrix using xy only...
Run 1: radius [2.0, 17.72004508972168], num_nbr [8.093360995850622, 350.69502074688796]
Calculateing adj matrix using xy only...
Run 2: radius [2.0, 9.86002254486084], num_nbr [8.093360995850622, 113.26141078838174]
Calculateing adj matrix using xy only...
Run 3: radius [2.0, 5.93001127243042], num_nbr [8.093360995850622, 46.821576763485474]
Calculateing adj matrix using xy only...
Run 4: radius [2.0, 3.96500563621521], num_nbr [8.093360995850622, 18.16597510373444]
Calculateing adj matrix using xy only...
recommended radius =  2.982502818107605 num_nbr=11.446058091286307
radius= 2.982502818107605 average number of neighbors for each spot is 11.446058091286307
 Cluster 4 has neighbors:
Dmain  0 :  934
Warning: lowering "min_in_group_fraction" to  0.7000000000000001 and "min_fold_change" to  1.25 for domain 4 to find at least 1 SVG.
Warning: lowering "min_in_group_fraction" to  0.6000000000000001 and "min_fold_change" to  1.125 for domain 4 to find at least 1 SVG.
Warning: lowering "min_in_group_fraction" to  0.5000000000000001 and "min_fold_change" to  1.0625 for domain 4 to find at least 1 SVG.
Warning: lowering "min_in_group_fraction" to  0.40000000000000013 and "min_fold_change" to  1.03125 for domain 4 to find at least 1 SVG.
Warning: lowering "min_in_group_fraction" to  0.30000000000000016 and "min_fold_change" to  1.015625 for domain 4 to find at least 1 SVG.
No "fold_change" > 1.01 exists that finds any SVGs for domain 4!
Calculateing adj matrix using xy only...
Calculateing adj matrix using xy only...
Calculateing adj matrix using xy only...
Run 1: radius [2.0, 17.72004508972168], num_nbr [8.865, 392.2025]
Calculateing adj matrix using xy only...
Run 2: radius [2.0, 9.86002254486084], num_nbr [8.865, 131.3025]
Calculateing adj matrix using xy only...
Run 3: radius [2.0, 5.93001127243042], num_nbr [8.865, 53.9275]
Calculateing adj matrix using xy only...
Run 4: radius [2.0, 3.96500563621521], num_nbr [8.865, 20.3975]
Calculateing adj matrix using xy only...
recommended radius =  2.982502818107605 num_nbr=12.715
radius= 2.982502818107605 average number of neighbors for each spot is 12.715
 Cluster 5 has neighbors:
Dmain  3 :  1847
Dmain  0 :  980
Can't find any genes such that more spots in domain 5 express the gene than its neighbors!
Calculateing adj matrix using xy only...
Calculateing adj matrix using xy only...
Calculateing adj matrix using xy only...
Run 1: radius [2.0, 17.72004508972168], num_nbr [8.878632478632479, 415.1897435897436]
Calculateing adj matrix using xy only...
Run 2: radius [2.0, 9.86002254486084], num_nbr [8.878632478632479, 133.23076923076923]
Calculateing adj matrix using xy only...
Run 3: radius [2.0, 5.93001127243042], num_nbr [8.878632478632479, 54.14700854700855]
Calculateing adj matrix using xy only...
Run 4: radius [2.0, 3.96500563621521], num_nbr [8.878632478632479, 20.437606837606836]
Calculateing adj matrix using xy only...
recommended radius =  2.982502818107605 num_nbr=12.733333333333333
radius= 2.982502818107605 average number of neighbors for each spot is 12.733333333333333
 Cluster 6 has neighbors:
Dmain  3 :  1396
Dmain  2 :  610
Dmain  1 :  381
Warning: lowering "min_in_group_fraction" to  0.7000000000000001 and "min_fold_change" to  1.25 for domain 6 to find at least 1 SVG.
SVGs for domain  6 : ['ENSG00000123416', 'ENSG00000067715', 'ENSG00000170027', 'ENSG00000102003', 'ENSG00000104888', 'ENSG00000196262', 'ENSG00000137267', 'ENSG00000133318', 'ENSG00000104435', 'ENSG00000172757', 'ENSG00000103034', 'ENSG00000163536', 'ENSG00000157152', 'ENSG00000125814', 'ENSG00000145335', 'ENSG00000100321', 'ENSG00000173267', 'ENSG00000121905', 'ENSG00000183036', 'ENSG00000067057', 'ENSG00000204851', 'ENSG00000165434']
Add gene:  ENSG00000183036
Minus gene:  ENSG00000187094
Absolute mean change: 1.2186255
Number of non-target spots reduced to: 634
===========================================================================
Meta gene is:  ENSG00000123416+ENSG00000183036-ENSG00000187094
===========================================================================
Add gene:  ENSG00000034510
Minus gene:  ENSG00000136099
Absolute mean change: 2.165711
Number of non-target spots reduced to: 230
===========================================================================
Meta gene is:  ENSG00000123416+ENSG00000183036-ENSG00000187094+ENSG00000034510-ENSG00000136099
===========================================================================
Add gene:  ENSG00000067715
Minus gene:  ENSG00000198727
Absolute mean change: 2.762918
Number of non-target spots reduced to: 96
===========================================================================
Meta gene is:  ENSG00000123416+ENSG00000183036-ENSG00000187094+ENSG00000034510-ENSG00000136099+ENSG00000067715-ENSG00000198727
===========================================================================
Warning: dropping one or more meta genes for this domain when forming CSV, since we are only taking the first 5.
