Observation names are not unique. To make them unique, call `.obs_names_make_unique`.
/users/neagles/.local/lib/python3.8/site-packages/pandas/core/arrays/categorical.py:2487: FutureWarning: The `inplace` parameter in pandas.Categorical.remove_unused_categories is deprecated and will be removed in a future version.
  res = method(*args, **kwargs)
WARNING:root:Printing scores every 100 epochs.
Trying to set attribute `.var` of view, copying.
Trying to set attribute `.var` of view, copying.
Observation names are not unique. To make them unique, call `.obs_names_make_unique`.
/users/neagles/.local/lib/python3.8/site-packages/pandas/core/arrays/categorical.py:2487: FutureWarning: The `inplace` parameter in pandas.Categorical.remove_unused_categories is deprecated and will be removed in a future version.
  res = method(*args, **kwargs)
/users/neagles/.local/lib/python3.8/site-packages/pandas/core/arrays/categorical.py:2487: FutureWarning: The `inplace` parameter in pandas.Categorical.remove_unused_categories is deprecated and will be removed in a future version.
  res = method(*args, **kwargs)
Trying to set attribute `.var` of view, copying.
Trying to set attribute `.var` of view, copying.
/users/neagles/.conda/envs/tangram/lib/python3.8/site-packages/tangram/utils.py:157: RuntimeWarning: invalid value encountered in float_scalars
  cos_sims.append((v1 @ v2) / norm_sq)
Score: 0.296, KL reg: nan, VG reg: nan
Score: 0.429, KL reg: nan, VG reg: nan
Score: 0.435, KL reg: nan, VG reg: nan
Score: 0.436, KL reg: nan, VG reg: nan
Score: 0.437, KL reg: nan, VG reg: nan
Score: 0.437, KL reg: nan, VG reg: nan
Score: 0.437, KL reg: nan, VG reg: nan
Score: 0.437, KL reg: nan, VG reg: nan
Score: 0.438, KL reg: nan, VG reg: nan
Score: 0.438, KL reg: nan, VG reg: nan
Average test score (all genes): 0.1605
Test scores for our select genes:
SNAP25    0.789853
MBP       0.748377
ENC1      0.616083
CCK       0.525672
PCP4      0.358611
RORB      0.300974
NR4A2     0.248756
CARTPT    0.022020
RELN      0.017715
Name: score, dtype: float64
Average: 0.4031
Average training score: 0.3982
